[DEPRECATION WARNING]: DEFAULT_GATHER_TIMEOUT option, the module_defaults 
keyword is a more generic version and can apply to all calls to the 
M(ansible.builtin.gather_facts) or M(ansible.builtin.setup) actions, use 
module_defaults instead. This feature will be removed from ansible-core in 
version 2.18. Deprecation warnings can be disabled by setting 
deprecation_warnings=False in ansible.cfg.

PLAY [Network Configuration Check] *********************************************

TASK [Gathering Facts] *********************************************************
ok: [localhost]

TASK [Get all network interfaces] **********************************************
fatal: [localhost]: FAILED! => 
  msg: |-
    The task includes an option with an undefined variable. The error was: 'ansible_interfaces' is undefined. 'ansible_interfaces' is undefined
  
    The error appears to be in '/app/playbooks/network-config.yml': line 6, column 7, but may
    be elsewhere in the file depending on the exact syntax problem.
  
    The offending line appears to be:
  
      tasks:
        - name: Get all network interfaces
          ^ here

PLAY RECAP *********************************************************************
localhost                  : ok=1    changed=0    unreachable=0    failed=1    skipped=0    rescued=0    ignored=0   

