[DEPRECATION WARNING]: DEFAULT_GATHER_TIMEOUT option, the module_defaults 
keyword is a more generic version and can apply to all calls to the 
M(ansible.builtin.gather_facts) or M(ansible.builtin.setup) actions, use 
module_defaults instead. This feature will be removed from ansible-core in 
version 2.18. Deprecation warnings can be disabled by setting 
deprecation_warnings=False in ansible.cfg.

PLAY [Network Configuration Check] *********************************************

TASK [Gathering Facts] *********************************************************
ok: [localhost]

TASK [Get network interfaces from ip command] **********************************
fatal: [localhost]: FAILED! => changed=false 
  cmd: 'ip -o link show | awk -F'': '' ''{print $2}'' | grep -v ''^lo$'''
  delta: '0:00:00.015457'
  end: '2025-12-08 23:52:56.089878'
  msg: non-zero return code
  rc: 1
  start: '2025-12-08 23:52:56.074421'
  stderr: '/bin/sh: line 1: ip: command not found'
  stderr_lines: <omitted>
  stdout: ''
  stdout_lines: <omitted>
...ignoring

TASK [Get interface details] ***************************************************
fatal: [localhost]: FAILED! => changed=false 
  cmd: ip addr show
  delta: '0:00:00.004327'
  end: '2025-12-08 23:52:56.390318'
  msg: non-zero return code
  rc: 127
  start: '2025-12-08 23:52:56.385991'
  stderr: '/bin/sh: line 1: ip: command not found'
  stderr_lines: <omitted>
  stdout: ''
  stdout_lines: <omitted>
...ignoring

TASK [Get default gateway] *****************************************************
ok: [localhost]

TASK [Get DNS servers] *********************************************************
ok: [localhost]

TASK [Get routing table] *******************************************************
fatal: [localhost]: FAILED! => changed=false 
  cmd: ip route show
  delta: '0:00:00.004456'
  end: '2025-12-08 23:52:57.312042'
  msg: non-zero return code
  rc: 127
  start: '2025-12-08 23:52:57.307586'
  stderr: '/bin/sh: line 1: ip: command not found'
  stderr_lines: <omitted>
  stdout: ''
  stdout_lines: <omitted>
...ignoring

TASK [Get listening ports] *****************************************************
fatal: [localhost]: FAILED! => changed=false 
  cmd: ss -tuln | grep LISTEN || netstat -tuln | grep LISTEN
  delta: '0:00:00.007517'
  end: '2025-12-08 23:52:57.587870'
  msg: non-zero return code
  rc: 1
  start: '2025-12-08 23:52:57.580353'
  stderr: |-
    /bin/sh: line 1: ss: command not found
    /bin/sh: line 1: netstat: command not found
  stderr_lines: <omitted>
  stdout: ''
  stdout_lines: <omitted>
...ignoring

TASK [Compile network configuration report] ************************************
ok: [localhost]

TASK [Display network configuration report as JSON] ****************************
ok: [localhost] => 
  msg: |-
    {
        "default_ipv4": {
            "address": "N/A",
            "gateway": "",
            "interface": "N/A"
        },
        "default_ipv6": {
            "address": "N/A",
            "gateway": "N/A",
            "interface": "N/A"
        },
        "dns_servers": [
            "127.0.0.11"
        ],
        "fqdn": "7e5a9fc7e1c4",
        "hostname": "7e5a9fc7e1c4",
        "interface_details": [],
        "interfaces": [],
        "listening_ports": [],
        "routing_table": [],
        "timestamp": "2025-12-08T23:52:55Z"
    }

PLAY RECAP *********************************************************************
localhost                  : ok=9    changed=0    unreachable=0    failed=0    skipped=0    rescued=0    ignored=4   

