[DEPRECATION WARNING]: DEFAULT_GATHER_TIMEOUT option, the module_defaults 
keyword is a more generic version and can apply to all calls to the 
M(ansible.builtin.gather_facts) or M(ansible.builtin.setup) actions, use 
module_defaults instead. This feature will be removed from ansible-core in 
version 2.18. Deprecation warnings can be disabled by setting 
deprecation_warnings=False in ansible.cfg.

PLAY [Software Inventory Collection] *******************************************

TASK [Gathering Facts] *********************************************************
ok: [localhost]

TASK [Get all installed packages (Debian/Ubuntu)] ******************************
skipping: [localhost]

TASK [Get all installed packages (RedHat/Rocky/CentOS)] ************************
ok: [localhost]

TASK [Build package list (Debian)] *********************************************
skipping: [localhost]

TASK [Build package list (RedHat)] *********************************************
ok: [localhost]

TASK [Compile software inventory] **********************************************
ok: [localhost]

TASK [Display software inventory as JSON] **************************************
ok: [localhost] => 
  msg: |-
    {
        "distribution": "Rocky",
        "distribution_version": "9.7",
        "fqdn": "7e5a9fc7e1c4",
        "hostname": "7e5a9fc7e1c4",
        "note": "Showing first 100 packages only for brevity",
        "os_family": "RedHat",
        "package_manager": "dnf/yum",
        "packages": [
            "libreport-filesystem 2.15.2-6.el9.rocky.0.2",
            "zlib 1.2.11-40.el9",
            "xz-libs 5.2.5-8.el9_0",
            "libxcrypt 4.4.18-3.el9",
            "popt 1.18-8.el9",
            "libgpg-error 1.42-5.el9",
            "readline 8.1-4.el9",
            "lua-libs 5.4.4-4.el9",
            "libattr 2.5.1-3.el9",
            "libffi 3.4.2-8.el9",
            "libassuan 2.5.5-3.el9",
            "lz4-libs 1.9.3-5.el9",
            "libcap-ng 0.8.2-7.el9",
            "libsigsegv 2.13-4.el9",
            "libunistring 0.9.10-15.el9",
            "gmp 6.2.0-13.el9",
            "grep 3.6-5.el9",
            "json-c 0.14-11.el9",
            "keyutils-libs 1.6.3-1.el9",
            "mpfr 4.1.0-7.el9",
            "gawk 5.1.0-6.el9",
            "libidn2 2.3.0-7.el9",
            "libcomps 0.1.18-1.el9",
            "libverto 0.3.2-3.el9",
            "npth 1.6-8.el9",
            "libyaml 0.2.5-7.el9",
            "sed 4.8-9.el9",
            "cyrus-sasl-lib 2.1.27-21.el9",
            "libmodulemd 2.13.0-2.el9",
            "gnupg2 2.3.3-4.el9",
            "gpgme 1.15.1-6.el9",
            "python3-libcomps 0.1.18-1.el9",
            "python3-gpg 1.15.1-6.el9",
            "gzip 1.12-1.el9",
            "cracklib 2.9.6-27.el9",
            "cracklib-dicts 2.9.6-27.el9",
            "libpwquality 1.4.4-8.el9",
            "passwd 0.80-12.el9",
            "libutempter 1.2.1-6.el9",
            "libusbx 1.0.26-1.el9",
            "hostname 3.23-6.el9",
            "gpg-pubkey 350d275d-6279464b",
            "tzdata 2025b-2.el9",
            "rocky-gpg-keys 9.7-1.3.el9",
            "rocky-release 9.7-1.3.el9",
            "rocky-repos 9.7-1.3.el9",
            "setup 2.13.7-10.el9",
            "filesystem 3.16-5.el9",
            "basesystem 11-13.el9.0.1",
            "python3-setuptools-wheel 53.0.0-15.el9",
            "pcre2-syntax 10.40-6.el9",
            "ncurses-base 6.2-12.20210508.el9",
            "ncurses-libs 6.2-12.20210508.el9",
            "bash 5.1.8-9.el9",
            "libgcc 11.5.0-11.el9",
            "glibc-minimal-langpack 2.34-231.el9_7.2",
            "glibc-common 2.34-231.el9_7.2",
            "glibc 2.34-231.el9_7.2",
            "audit-libs 3.1.5-7.el9",
            "bzip2-libs 1.0.8-10.el9_5",
            "libacl 2.3.1-4.el9",
            "libzstd 1.5.5-1.el9",
            "libuuid 2.37.4-21.el9",
            "libcap 2.48-10.el9",
            "libstdc++ 11.5.0-11.el9",
            "sqlite-libs 3.34.1-9.el9_7",
            "libsmartcols 2.37.4-21.el9",
            "crypto-policies 20250905-1.git377cc42.el9",
            "elfutils-libelf 0.193-1.el9.rocky.0.1",
            "libtasn1 4.16.0-9.el9",
            "p11-kit 0.25.3-3.el9_5",
            "libxml2 2.9.13-14.el9_7",
            "alternatives 1.24-2.el9",
            "p11-kit-trust 0.25.3-3.el9_5",
            "libcom_err 1.46.5-8.el9",
            "libsepol 3.6-3.el9",
            "attr 2.5.1-3.el9",
            "keyutils 1.6.3-1.el9",
            "libtool-ltdl 2.4.6-46.el9",
            "libxcrypt-compat 4.4.18-3.el9",
            "expat 2.5.0-5.el9_7.1",
            "file-libs 5.39-16.el9",
            "gdbm-libs 1.23-1.el9",
            "libdb 5.3.28-57.el9_6",
            "libeconf 0.4.1-4.el9",
            "libgcrypt 1.10.0-11.el9",
            "libgomp 11.5.0-11.el9",
            "libnghttp2 1.43.0-6.el9",
            "nettle 3.10.1-1.el9",
            "gnutls 3.8.3-9.el9.0.1",
            "pcre 8.44-4.el9",
            "pcre2 10.40-6.el9",
            "libselinux 3.6-3.el9",
            "coreutils-single 8.32-39.el9",
            "libblkid 2.37.4-21.el9",
            "libmount 2.37.4-21.el9",
            "glib2 2.68.4-18.el9_7",
            "libfdisk 2.37.4-21.el9",
            "findutils 4.8.0-7.el9",
            "ca-certificates 2025.2.80_v9.0.305-91.el9"
        ],
        "timestamp": "2025-12-08T23:53:20Z",
        "total_packages_shown": "100"
    }

PLAY RECAP *********************************************************************
localhost                  : ok=5    changed=0    unreachable=0    failed=0    skipped=2    rescued=0    ignored=0   

