[DEPRECATION WARNING]: DEFAULT_GATHER_TIMEOUT option, the module_defaults 
keyword is a more generic version and can apply to all calls to the 
M(ansible.builtin.gather_facts) or M(ansible.builtin.setup) actions, use 
module_defaults instead. This feature will be removed from ansible-core in 
version 2.18. Deprecation warnings can be disabled by setting 
deprecation_warnings=False in ansible.cfg.

PLAY [Software Inventory Collection] *******************************************

TASK [Gathering Facts] *********************************************************
ok: [localhost]

TASK [Get manually installed packages (Debian/Ubuntu)] *************************
skipping: [localhost]

TASK [Get user-installed packages (RedHat/Rocky/CentOS)] ***********************
ok: [localhost]

TASK [Get package versions (RedHat/Rocky/CentOS)] ******************************
ok: [localhost]

TASK [Parse Debian packages] ***************************************************
skipping: [localhost]

TASK [Parse RedHat packages] ***************************************************
ok: [localhost]

TASK [Filter RedHat packages with versions] ************************************
An exception occurred during task execution. To see the full traceback, use -vvv. The error was:   line 0
fatal: [localhost]: FAILED! => changed=false

PLAY RECAP *********************************************************************
localhost                  : ok=4    changed=0    unreachable=0    failed=1    skipped=2    rescued=0    ignored=0   

