[DEPRECATION WARNING]: DEFAULT_GATHER_TIMEOUT option, the module_defaults 
keyword is a more generic version and can apply to all calls to the 
M(ansible.builtin.gather_facts) or M(ansible.builtin.setup) actions, use 
module_defaults instead. This feature will be removed from ansible-core in 
version 2.18. Deprecation warnings can be disabled by setting 
deprecation_warnings=False in ansible.cfg.

PLAY [System Health Check] *****************************************************

TASK [Gathering Facts] *********************************************************
ok: [localhost]

TASK [Get system uptime] *******************************************************
ok: [localhost]

TASK [Calculate uptime in human-readable format] *******************************
ok: [localhost]

TASK [Get load averages] *******************************************************
ok: [localhost]

TASK [Get disk usage for all mounts] *******************************************
ok: [localhost]

TASK [Calculate disk usage percentages] ****************************************
ok: [localhost] => (item={'mount': '/root/.ssh', 'device': '/dev/nvme0n1p2', 'fstype': 'ext4', 'options': 'ro,relatime,bind', 'size_total': 983038173184, 'size_available': 281738129408, 'block_size': 4096, 'block_total': 239999554, 'block_available': 68783723, 'block_used': 171215831, 'inode_total': 61030400, 'inode_available': 58002501, 'inode_used': 3027899, 'uuid': 'N/A'})
ok: [localhost] => (item={'mount': '/app/web', 'device': '/dev/nvme0n1p2', 'fstype': 'ext4', 'options': 'rw,relatime,bind', 'size_total': 983038173184, 'size_available': 281738129408, 'block_size': 4096, 'block_total': 239999554, 'block_available': 68783723, 'block_used': 171215831, 'inode_total': 61030400, 'inode_available': 58002501, 'inode_used': 3027899, 'uuid': 'N/A'})
ok: [localhost] => (item={'mount': '/app/inventory', 'device': '/dev/nvme0n1p2', 'fstype': 'ext4', 'options': 'rw,relatime,bind', 'size_total': 983038173184, 'size_available': 281738129408, 'block_size': 4096, 'block_total': 239999554, 'block_available': 68783723, 'block_used': 171215831, 'inode_total': 61030400, 'inode_available': 58002501, 'inode_used': 3027899, 'uuid': 'N/A'})
ok: [localhost] => (item={'mount': '/app/logs', 'device': '/dev/nvme0n1p2', 'fstype': 'ext4', 'options': 'rw,relatime,bind', 'size_total': 983038173184, 'size_available': 281738129408, 'block_size': 4096, 'block_total': 239999554, 'block_available': 68783723, 'block_used': 171215831, 'inode_total': 61030400, 'inode_available': 58002501, 'inode_used': 3027899, 'uuid': 'N/A'})
ok: [localhost] => (item={'mount': '/app/playbooks', 'device': '/dev/nvme0n1p2', 'fstype': 'ext4', 'options': 'rw,relatime,bind', 'size_total': 983038173184, 'size_available': 281738129408, 'block_size': 4096, 'block_total': 239999554, 'block_available': 68783723, 'block_used': 171215831, 'inode_total': 61030400, 'inode_available': 58002501, 'inode_used': 3027899, 'uuid': 'N/A'})
ok: [localhost] => (item={'mount': '/etc/resolv.conf', 'device': '/dev/nvme0n1p2', 'fstype': 'ext4', 'options': 'rw,relatime,bind', 'size_total': 983038173184, 'size_available': 281738129408, 'block_size': 4096, 'block_total': 239999554, 'block_available': 68783723, 'block_used': 171215831, 'inode_total': 61030400, 'inode_available': 58002501, 'inode_used': 3027899, 'uuid': 'N/A'})
ok: [localhost] => (item={'mount': '/etc/hostname', 'device': '/dev/nvme0n1p2', 'fstype': 'ext4', 'options': 'rw,relatime,bind', 'size_total': 983038173184, 'size_available': 281738129408, 'block_size': 4096, 'block_total': 239999554, 'block_available': 68783723, 'block_used': 171215831, 'inode_total': 61030400, 'inode_available': 58002501, 'inode_used': 3027899, 'uuid': 'N/A'})
ok: [localhost] => (item={'mount': '/etc/hosts', 'device': '/dev/nvme0n1p2', 'fstype': 'ext4', 'options': 'rw,relatime,bind', 'size_total': 983038173184, 'size_available': 281738129408, 'block_size': 4096, 'block_total': 239999554, 'block_available': 68783723, 'block_used': 171215831, 'inode_total': 61030400, 'inode_available': 58002501, 'inode_used': 3027899, 'uuid': 'N/A'})

TASK [Format disk usage data] **************************************************
ok: [localhost]

TASK [Get memory usage] ********************************************************
ok: [localhost]

TASK [Get swap usage] **********************************************************
ok: [localhost]

TASK [Check for system errors in logs (last 100 lines)] ************************
ok: [localhost]

TASK [Count recent errors] *****************************************************
ok: [localhost]

TASK [Compile system health report] ********************************************
ok: [localhost]

TASK [Display system health report as JSON] ************************************
ok: [localhost] => 
  msg: |-
    {
        "cpu_count": 8,
        "disk_usage": [
            [
                {
                    "available_gb": 262.39,
                    "block_available": 68783723,
                    "block_size": 4096,
                    "block_total": 239999554,
                    "block_used": 171215831,
                    "device": "/dev/nvme0n1p2",
                    "fstype": "ext4",
                    "inode_available": 58002501,
                    "inode_total": 61030400,
                    "inode_used": 3027899,
                    "mount": "/root/.ssh",
                    "options": "ro,relatime,bind",
                    "percent_used": 71.3,
                    "size_available": 281738129408,
                    "size_total": 983038173184,
                    "total_gb": 915.53,
                    "used_gb": 653.14,
                    "uuid": "N/A"
                },
                {
                    "available_gb": 262.39,
                    "block_available": 68783723,
                    "block_size": 4096,
                    "block_total": 239999554,
                    "block_used": 171215831,
                    "device": "/dev/nvme0n1p2",
                    "fstype": "ext4",
                    "inode_available": 58002501,
                    "inode_total": 61030400,
                    "inode_used": 3027899,
                    "mount": "/root/.ssh",
                    "options": "rw,relatime,bind",
                    "percent_used": 71.3,
                    "size_available": 281738129408,
                    "size_total": 983038173184,
                    "total_gb": 915.53,
                    "used_gb": 653.14,
                    "uuid": "N/A"
                },
                {
                    "available_gb": 262.39,
                    "block_available": 68783723,
                    "block_size": 4096,
                    "block_total": 239999554,
                    "block_used": 171215831,
                    "device": "/dev/nvme0n1p2",
                    "fstype": "ext4",
                    "inode_available": 58002501,
                    "inode_total": 61030400,
                    "inode_used": 3027899,
                    "mount": "/root/.ssh",
                    "options": "rw,relatime,bind",
                    "percent_used": 71.3,
                    "size_available": 281738129408,
                    "size_total": 983038173184,
                    "total_gb": 915.53,
                    "used_gb": 653.14,
                    "uuid": "N/A"
                },
                {
                    "available_gb": 262.39,
                    "block_available": 68783723,
                    "block_size": 4096,
                    "block_total": 239999554,
                    "block_used": 171215831,
                    "device": "/dev/nvme0n1p2",
                    "fstype": "ext4",
                    "inode_available": 58002501,
                    "inode_total": 61030400,
                    "inode_used": 3027899,
                    "mount": "/root/.ssh",
                    "options": "rw,relatime,bind",
                    "percent_used": 71.3,
                    "size_available": 281738129408,
                    "size_total": 983038173184,
                    "total_gb": 915.53,
                    "used_gb": 653.14,
                    "uuid": "N/A"
                },
                {
                    "available_gb": 262.39,
                    "block_available": 68783723,
                    "block_size": 4096,
                    "block_total": 239999554,
                    "block_used": 171215831,
                    "device": "/dev/nvme0n1p2",
                    "fstype": "ext4",
                    "inode_available": 58002501,
                    "inode_total": 61030400,
                    "inode_used": 3027899,
                    "mount": "/root/.ssh",
                    "options": "rw,relatime,bind",
                    "percent_used": 71.3,
                    "size_available": 281738129408,
                    "size_total": 983038173184,
                    "total_gb": 915.53,
                    "used_gb": 653.14,
                    "uuid": "N/A"
                },
                {
                    "available_gb": 262.39,
                    "block_available": 68783723,
                    "block_size": 4096,
                    "block_total": 239999554,
                    "block_used": 171215831,
                    "device": "/dev/nvme0n1p2",
                    "fstype": "ext4",
                    "inode_available": 58002501,
                    "inode_total": 61030400,
                    "inode_used": 3027899,
                    "mount": "/root/.ssh",
                    "options": "rw,relatime,bind",
                    "percent_used": 71.3,
                    "size_available": 281738129408,
                    "size_total": 983038173184,
                    "total_gb": 915.53,
                    "used_gb": 653.14,
                    "uuid": "N/A"
                },
                {
                    "available_gb": 262.39,
                    "block_available": 68783723,
                    "block_size": 4096,
                    "block_total": 239999554,
                    "block_used": 171215831,
                    "device": "/dev/nvme0n1p2",
                    "fstype": "ext4",
                    "inode_available": 58002501,
                    "inode_total": 61030400,
                    "inode_used": 3027899,
                    "mount": "/root/.ssh",
                    "options": "rw,relatime,bind",
                    "percent_used": 71.3,
                    "size_available": 281738129408,
                    "size_total": 983038173184,
                    "total_gb": 915.53,
                    "used_gb": 653.14,
                    "uuid": "N/A"
                },
                {
                    "available_gb": 262.39,
                    "block_available": 68783723,
                    "block_size": 4096,
                    "block_total": 239999554,
                    "block_used": 171215831,
                    "device": "/dev/nvme0n1p2",
                    "fstype": "ext4",
                    "inode_available": 58002501,
                    "inode_total": 61030400,
                    "inode_used": 3027899,
                    "mount": "/root/.ssh",
                    "options": "rw,relatime,bind",
                    "percent_used": 71.3,
                    "size_available": 281738129408,
                    "size_total": 983038173184,
                    "total_gb": 915.53,
                    "used_gb": 653.14,
                    "uuid": "N/A"
                }
            ],
            [
                {
                    "available_gb": 262.39,
                    "block_available": 68783723,
                    "block_size": 4096,
                    "block_total": 239999554,
                    "block_used": 171215831,
                    "device": "/dev/nvme0n1p2",
                    "fstype": "ext4",
                    "inode_available": 58002501,
                    "inode_total": 61030400,
                    "inode_used": 3027899,
                    "mount": "/app/web",
                    "options": "ro,relatime,bind",
                    "percent_used": 71.3,
                    "size_available": 281738129408,
                    "size_total": 983038173184,
                    "total_gb": 915.53,
                    "used_gb": 653.14,
                    "uuid": "N/A"
                },
                {
                    "available_gb": 262.39,
                    "block_available": 68783723,
                    "block_size": 4096,
                    "block_total": 239999554,
                    "block_used": 171215831,
                    "device": "/dev/nvme0n1p2",
                    "fstype": "ext4",
                    "inode_available": 58002501,
                    "inode_total": 61030400,
                    "inode_used": 3027899,
                    "mount": "/app/web",
                    "options": "rw,relatime,bind",
                    "percent_used": 71.3,
                    "size_available": 281738129408,
                    "size_total": 983038173184,
                    "total_gb": 915.53,
                    "used_gb": 653.14,
                    "uuid": "N/A"
                },
                {
                    "available_gb": 262.39,
                    "block_available": 68783723,
                    "block_size": 4096,
                    "block_total": 239999554,
                    "block_used": 171215831,
                    "device": "/dev/nvme0n1p2",
                    "fstype": "ext4",
                    "inode_available": 58002501,
                    "inode_total": 61030400,
                    "inode_used": 3027899,
                    "mount": "/app/web",
                    "options": "rw,relatime,bind",
                    "percent_used": 71.3,
                    "size_available": 281738129408,
                    "size_total": 983038173184,
                    "total_gb": 915.53,
                    "used_gb": 653.14,
                    "uuid": "N/A"
                },
                {
                    "available_gb": 262.39,
                    "block_available": 68783723,
                    "block_size": 4096,
                    "block_total": 239999554,
                    "block_used": 171215831,
                    "device": "/dev/nvme0n1p2",
                    "fstype": "ext4",
                    "inode_available": 58002501,
                    "inode_total": 61030400,
                    "inode_used": 3027899,
                    "mount": "/app/web",
                    "options": "rw,relatime,bind",
                    "percent_used": 71.3,
                    "size_available": 281738129408,
                    "size_total": 983038173184,
                    "total_gb": 915.53,
                    "used_gb": 653.14,
                    "uuid": "N/A"
                },
                {
                    "available_gb": 262.39,
                    "block_available": 68783723,
                    "block_size": 4096,
                    "block_total": 239999554,
                    "block_used": 171215831,
                    "device": "/dev/nvme0n1p2",
                    "fstype": "ext4",
                    "inode_available": 58002501,
                    "inode_total": 61030400,
                    "inode_used": 3027899,
                    "mount": "/app/web",
                    "options": "rw,relatime,bind",
                    "percent_used": 71.3,
                    "size_available": 281738129408,
                    "size_total": 983038173184,
                    "total_gb": 915.53,
                    "used_gb": 653.14,
                    "uuid": "N/A"
                },
                {
                    "available_gb": 262.39,
                    "block_available": 68783723,
                    "block_size": 4096,
                    "block_total": 239999554,
                    "block_used": 171215831,
                    "device": "/dev/nvme0n1p2",
                    "fstype": "ext4",
                    "inode_available": 58002501,
                    "inode_total": 61030400,
                    "inode_used": 3027899,
                    "mount": "/app/web",
                    "options": "rw,relatime,bind",
                    "percent_used": 71.3,
                    "size_available": 281738129408,
                    "size_total": 983038173184,
                    "total_gb": 915.53,
                    "used_gb": 653.14,
                    "uuid": "N/A"
                },
                {
                    "available_gb": 262.39,
                    "block_available": 68783723,
                    "block_size": 4096,
                    "block_total": 239999554,
                    "block_used": 171215831,
                    "device": "/dev/nvme0n1p2",
                    "fstype": "ext4",
                    "inode_available": 58002501,
                    "inode_total": 61030400,
                    "inode_used": 3027899,
                    "mount": "/app/web",
                    "options": "rw,relatime,bind",
                    "percent_used": 71.3,
                    "size_available": 281738129408,
                    "size_total": 983038173184,
                    "total_gb": 915.53,
                    "used_gb": 653.14,
                    "uuid": "N/A"
                },
                {
                    "available_gb": 262.39,
                    "block_available": 68783723,
                    "block_size": 4096,
                    "block_total": 239999554,
                    "block_used": 171215831,
                    "device": "/dev/nvme0n1p2",
                    "fstype": "ext4",
                    "inode_available": 58002501,
                    "inode_total": 61030400,
                    "inode_used": 3027899,
                    "mount": "/app/web",
                    "options": "rw,relatime,bind",
                    "percent_used": 71.3,
                    "size_available": 281738129408,
                    "size_total": 983038173184,
                    "total_gb": 915.53,
                    "used_gb": 653.14,
                    "uuid": "N/A"
                }
            ],
            [
                {
                    "available_gb": 262.39,
                    "block_available": 68783723,
                    "block_size": 4096,
                    "block_total": 239999554,
                    "block_used": 171215831,
                    "device": "/dev/nvme0n1p2",
                    "fstype": "ext4",
                    "inode_available": 58002501,
                    "inode_total": 61030400,
                    "inode_used": 3027899,
                    "mount": "/app/inventory",
                    "options": "ro,relatime,bind",
                    "percent_used": 71.3,
                    "size_available": 281738129408,
                    "size_total": 983038173184,
                    "total_gb": 915.53,
                    "used_gb": 653.14,
                    "uuid": "N/A"
                },
                {
                    "available_gb": 262.39,
                    "block_available": 68783723,
                    "block_size": 4096,
                    "block_total": 239999554,
                    "block_used": 171215831,
                    "device": "/dev/nvme0n1p2",
                    "fstype": "ext4",
                    "inode_available": 58002501,
                    "inode_total": 61030400,
                    "inode_used": 3027899,
                    "mount": "/app/inventory",
                    "options": "rw,relatime,bind",
                    "percent_used": 71.3,
                    "size_available": 281738129408,
                    "size_total": 983038173184,
                    "total_gb": 915.53,
                    "used_gb": 653.14,
                    "uuid": "N/A"
                },
                {
                    "available_gb": 262.39,
                    "block_available": 68783723,
                    "block_size": 4096,
                    "block_total": 239999554,
                    "block_used": 171215831,
                    "device": "/dev/nvme0n1p2",
                    "fstype": "ext4",
                    "inode_available": 58002501,
                    "inode_total": 61030400,
                    "inode_used": 3027899,
                    "mount": "/app/inventory",
                    "options": "rw,relatime,bind",
                    "percent_used": 71.3,
                    "size_available": 281738129408,
                    "size_total": 983038173184,
                    "total_gb": 915.53,
                    "used_gb": 653.14,
                    "uuid": "N/A"
                },
                {
                    "available_gb": 262.39,
                    "block_available": 68783723,
                    "block_size": 4096,
                    "block_total": 239999554,
                    "block_used": 171215831,
                    "device": "/dev/nvme0n1p2",
                    "fstype": "ext4",
                    "inode_available": 58002501,
                    "inode_total": 61030400,
                    "inode_used": 3027899,
                    "mount": "/app/inventory",
                    "options": "rw,relatime,bind",
                    "percent_used": 71.3,
                    "size_available": 281738129408,
                    "size_total": 983038173184,
                    "total_gb": 915.53,
                    "used_gb": 653.14,
                    "uuid": "N/A"
                },
                {
                    "available_gb": 262.39,
                    "block_available": 68783723,
                    "block_size": 4096,
                    "block_total": 239999554,
                    "block_used": 171215831,
                    "device": "/dev/nvme0n1p2",
                    "fstype": "ext4",
                    "inode_available": 58002501,
                    "inode_total": 61030400,
                    "inode_used": 3027899,
                    "mount": "/app/inventory",
                    "options": "rw,relatime,bind",
                    "percent_used": 71.3,
                    "size_available": 281738129408,
                    "size_total": 983038173184,
                    "total_gb": 915.53,
                    "used_gb": 653.14,
                    "uuid": "N/A"
                },
                {
                    "available_gb": 262.39,
                    "block_available": 68783723,
                    "block_size": 4096,
                    "block_total": 239999554,
                    "block_used": 171215831,
                    "device": "/dev/nvme0n1p2",
                    "fstype": "ext4",
                    "inode_available": 58002501,
                    "inode_total": 61030400,
                    "inode_used": 3027899,
                    "mount": "/app/inventory",
                    "options": "rw,relatime,bind",
                    "percent_used": 71.3,
                    "size_available": 281738129408,
                    "size_total": 983038173184,
                    "total_gb": 915.53,
                    "used_gb": 653.14,
                    "uuid": "N/A"
                },
                {
                    "available_gb": 262.39,
                    "block_available": 68783723,
                    "block_size": 4096,
                    "block_total": 239999554,
                    "block_used": 171215831,
                    "device": "/dev/nvme0n1p2",
                    "fstype": "ext4",
                    "inode_available": 58002501,
                    "inode_total": 61030400,
                    "inode_used": 3027899,
                    "mount": "/app/inventory",
                    "options": "rw,relatime,bind",
                    "percent_used": 71.3,
                    "size_available": 281738129408,
                    "size_total": 983038173184,
                    "total_gb": 915.53,
                    "used_gb": 653.14,
                    "uuid": "N/A"
                },
                {
                    "available_gb": 262.39,
                    "block_available": 68783723,
                    "block_size": 4096,
                    "block_total": 239999554,
                    "block_used": 171215831,
                    "device": "/dev/nvme0n1p2",
                    "fstype": "ext4",
                    "inode_available": 58002501,
                    "inode_total": 61030400,
                    "inode_used": 3027899,
                    "mount": "/app/inventory",
                    "options": "rw,relatime,bind",
                    "percent_used": 71.3,
                    "size_available": 281738129408,
                    "size_total": 983038173184,
                    "total_gb": 915.53,
                    "used_gb": 653.14,
                    "uuid": "N/A"
                }
            ],
            [
                {
                    "available_gb": 262.39,
                    "block_available": 68783723,
                    "block_size": 4096,
                    "block_total": 239999554,
                    "block_used": 171215831,
                    "device": "/dev/nvme0n1p2",
                    "fstype": "ext4",
                    "inode_available": 58002501,
                    "inode_total": 61030400,
                    "inode_used": 3027899,
                    "mount": "/app/logs",
                    "options": "ro,relatime,bind",
                    "percent_used": 71.3,
                    "size_available": 281738129408,
                    "size_total": 983038173184,
                    "total_gb": 915.53,
                    "used_gb": 653.14,
                    "uuid": "N/A"
                },
                {
                    "available_gb": 262.39,
                    "block_available": 68783723,
                    "block_size": 4096,
                    "block_total": 239999554,
                    "block_used": 171215831,
                    "device": "/dev/nvme0n1p2",
                    "fstype": "ext4",
                    "inode_available": 58002501,
                    "inode_total": 61030400,
                    "inode_used": 3027899,
                    "mount": "/app/logs",
                    "options": "rw,relatime,bind",
                    "percent_used": 71.3,
                    "size_available": 281738129408,
                    "size_total": 983038173184,
                    "total_gb": 915.53,
                    "used_gb": 653.14,
                    "uuid": "N/A"
                },
                {
                    "available_gb": 262.39,
                    "block_available": 68783723,
                    "block_size": 4096,
                    "block_total": 239999554,
                    "block_used": 171215831,
                    "device": "/dev/nvme0n1p2",
                    "fstype": "ext4",
                    "inode_available": 58002501,
                    "inode_total": 61030400,
                    "inode_used": 3027899,
                    "mount": "/app/logs",
                    "options": "rw,relatime,bind",
                    "percent_used": 71.3,
                    "size_available": 281738129408,
                    "size_total": 983038173184,
                    "total_gb": 915.53,
                    "used_gb": 653.14,
                    "uuid": "N/A"
                },
                {
                    "available_gb": 262.39,
                    "block_available": 68783723,
                    "block_size": 4096,
                    "block_total": 239999554,
                    "block_used": 171215831,
                    "device": "/dev/nvme0n1p2",
                    "fstype": "ext4",
                    "inode_available": 58002501,
                    "inode_total": 61030400,
                    "inode_used": 3027899,
                    "mount": "/app/logs",
                    "options": "rw,relatime,bind",
                    "percent_used": 71.3,
                    "size_available": 281738129408,
                    "size_total": 983038173184,
                    "total_gb": 915.53,
                    "used_gb": 653.14,
                    "uuid": "N/A"
                },
                {
                    "available_gb": 262.39,
                    "block_available": 68783723,
                    "block_size": 4096,
                    "block_total": 239999554,
                    "block_used": 171215831,
                    "device": "/dev/nvme0n1p2",
                    "fstype": "ext4",
                    "inode_available": 58002501,
                    "inode_total": 61030400,
                    "inode_used": 3027899,
                    "mount": "/app/logs",
                    "options": "rw,relatime,bind",
                    "percent_used": 71.3,
                    "size_available": 281738129408,
                    "size_total": 983038173184,
                    "total_gb": 915.53,
                    "used_gb": 653.14,
                    "uuid": "N/A"
                },
                {
                    "available_gb": 262.39,
                    "block_available": 68783723,
                    "block_size": 4096,
                    "block_total": 239999554,
                    "block_used": 171215831,
                    "device": "/dev/nvme0n1p2",
                    "fstype": "ext4",
                    "inode_available": 58002501,
                    "inode_total": 61030400,
                    "inode_used": 3027899,
                    "mount": "/app/logs",
                    "options": "rw,relatime,bind",
                    "percent_used": 71.3,
                    "size_available": 281738129408,
                    "size_total": 983038173184,
                    "total_gb": 915.53,
                    "used_gb": 653.14,
                    "uuid": "N/A"
                },
                {
                    "available_gb": 262.39,
                    "block_available": 68783723,
                    "block_size": 4096,
                    "block_total": 239999554,
                    "block_used": 171215831,
                    "device": "/dev/nvme0n1p2",
                    "fstype": "ext4",
                    "inode_available": 58002501,
                    "inode_total": 61030400,
                    "inode_used": 3027899,
                    "mount": "/app/logs",
                    "options": "rw,relatime,bind",
                    "percent_used": 71.3,
                    "size_available": 281738129408,
                    "size_total": 983038173184,
                    "total_gb": 915.53,
                    "used_gb": 653.14,
                    "uuid": "N/A"
                },
                {
                    "available_gb": 262.39,
                    "block_available": 68783723,
                    "block_size": 4096,
                    "block_total": 239999554,
                    "block_used": 171215831,
                    "device": "/dev/nvme0n1p2",
                    "fstype": "ext4",
                    "inode_available": 58002501,
                    "inode_total": 61030400,
                    "inode_used": 3027899,
                    "mount": "/app/logs",
                    "options": "rw,relatime,bind",
                    "percent_used": 71.3,
                    "size_available": 281738129408,
                    "size_total": 983038173184,
                    "total_gb": 915.53,
                    "used_gb": 653.14,
                    "uuid": "N/A"
                }
            ],
            [
                {
                    "available_gb": 262.39,
                    "block_available": 68783723,
                    "block_size": 4096,
                    "block_total": 239999554,
                    "block_used": 171215831,
                    "device": "/dev/nvme0n1p2",
                    "fstype": "ext4",
                    "inode_available": 58002501,
                    "inode_total": 61030400,
                    "inode_used": 3027899,
                    "mount": "/app/playbooks",
                    "options": "ro,relatime,bind",
                    "percent_used": 71.3,
                    "size_available": 281738129408,
                    "size_total": 983038173184,
                    "total_gb": 915.53,
                    "used_gb": 653.14,
                    "uuid": "N/A"
                },
                {
                    "available_gb": 262.39,
                    "block_available": 68783723,
                    "block_size": 4096,
                    "block_total": 239999554,
                    "block_used": 171215831,
                    "device": "/dev/nvme0n1p2",
                    "fstype": "ext4",
                    "inode_available": 58002501,
                    "inode_total": 61030400,
                    "inode_used": 3027899,
                    "mount": "/app/playbooks",
                    "options": "rw,relatime,bind",
                    "percent_used": 71.3,
                    "size_available": 281738129408,
                    "size_total": 983038173184,
                    "total_gb": 915.53,
                    "used_gb": 653.14,
                    "uuid": "N/A"
                },
                {
                    "available_gb": 262.39,
                    "block_available": 68783723,
                    "block_size": 4096,
                    "block_total": 239999554,
                    "block_used": 171215831,
                    "device": "/dev/nvme0n1p2",
                    "fstype": "ext4",
                    "inode_available": 58002501,
                    "inode_total": 61030400,
                    "inode_used": 3027899,
                    "mount": "/app/playbooks",
                    "options": "rw,relatime,bind",
                    "percent_used": 71.3,
                    "size_available": 281738129408,
                    "size_total": 983038173184,
                    "total_gb": 915.53,
                    "used_gb": 653.14,
                    "uuid": "N/A"
                },
                {
                    "available_gb": 262.39,
                    "block_available": 68783723,
                    "block_size": 4096,
                    "block_total": 239999554,
                    "block_used": 171215831,
                    "device": "/dev/nvme0n1p2",
                    "fstype": "ext4",
                    "inode_available": 58002501,
                    "inode_total": 61030400,
                    "inode_used": 3027899,
                    "mount": "/app/playbooks",
                    "options": "rw,relatime,bind",
                    "percent_used": 71.3,
                    "size_available": 281738129408,
                    "size_total": 983038173184,
                    "total_gb": 915.53,
                    "used_gb": 653.14,
                    "uuid": "N/A"
                },
                {
                    "available_gb": 262.39,
                    "block_available": 68783723,
                    "block_size": 4096,
                    "block_total": 239999554,
                    "block_used": 171215831,
                    "device": "/dev/nvme0n1p2",
                    "fstype": "ext4",
                    "inode_available": 58002501,
                    "inode_total": 61030400,
                    "inode_used": 3027899,
                    "mount": "/app/playbooks",
                    "options": "rw,relatime,bind",
                    "percent_used": 71.3,
                    "size_available": 281738129408,
                    "size_total": 983038173184,
                    "total_gb": 915.53,
                    "used_gb": 653.14,
                    "uuid": "N/A"
                },
                {
                    "available_gb": 262.39,
                    "block_available": 68783723,
                    "block_size": 4096,
                    "block_total": 239999554,
                    "block_used": 171215831,
                    "device": "/dev/nvme0n1p2",
                    "fstype": "ext4",
                    "inode_available": 58002501,
                    "inode_total": 61030400,
                    "inode_used": 3027899,
                    "mount": "/app/playbooks",
                    "options": "rw,relatime,bind",
                    "percent_used": 71.3,
                    "size_available": 281738129408,
                    "size_total": 983038173184,
                    "total_gb": 915.53,
                    "used_gb": 653.14,
                    "uuid": "N/A"
                },
                {
                    "available_gb": 262.39,
                    "block_available": 68783723,
                    "block_size": 4096,
                    "block_total": 239999554,
                    "block_used": 171215831,
                    "device": "/dev/nvme0n1p2",
                    "fstype": "ext4",
                    "inode_available": 58002501,
                    "inode_total": 61030400,
                    "inode_used": 3027899,
                    "mount": "/app/playbooks",
                    "options": "rw,relatime,bind",
                    "percent_used": 71.3,
                    "size_available": 281738129408,
                    "size_total": 983038173184,
                    "total_gb": 915.53,
                    "used_gb": 653.14,
                    "uuid": "N/A"
                },
                {
                    "available_gb": 262.39,
                    "block_available": 68783723,
                    "block_size": 4096,
                    "block_total": 239999554,
                    "block_used": 171215831,
                    "device": "/dev/nvme0n1p2",
                    "fstype": "ext4",
                    "inode_available": 58002501,
                    "inode_total": 61030400,
                    "inode_used": 3027899,
                    "mount": "/app/playbooks",
                    "options": "rw,relatime,bind",
                    "percent_used": 71.3,
                    "size_available": 281738129408,
                    "size_total": 983038173184,
                    "total_gb": 915.53,
                    "used_gb": 653.14,
                    "uuid": "N/A"
                }
            ],
            [
                {
                    "available_gb": 262.39,
                    "block_available": 68783723,
                    "block_size": 4096,
                    "block_total": 239999554,
                    "block_used": 171215831,
                    "device": "/dev/nvme0n1p2",
                    "fstype": "ext4",
                    "inode_available": 58002501,
                    "inode_total": 61030400,
                    "inode_used": 3027899,
                    "mount": "/etc/resolv.conf",
                    "options": "ro,relatime,bind",
                    "percent_used": 71.3,
                    "size_available": 281738129408,
                    "size_total": 983038173184,
                    "total_gb": 915.53,
                    "used_gb": 653.14,
                    "uuid": "N/A"
                },
                {
                    "available_gb": 262.39,
                    "block_available": 68783723,
                    "block_size": 4096,
                    "block_total": 239999554,
                    "block_used": 171215831,
                    "device": "/dev/nvme0n1p2",
                    "fstype": "ext4",
                    "inode_available": 58002501,
                    "inode_total": 61030400,
                    "inode_used": 3027899,
                    "mount": "/etc/resolv.conf",
                    "options": "rw,relatime,bind",
                    "percent_used": 71.3,
                    "size_available": 281738129408,
                    "size_total": 983038173184,
                    "total_gb": 915.53,
                    "used_gb": 653.14,
                    "uuid": "N/A"
                },
                {
                    "available_gb": 262.39,
                    "block_available": 68783723,
                    "block_size": 4096,
                    "block_total": 239999554,
                    "block_used": 171215831,
                    "device": "/dev/nvme0n1p2",
                    "fstype": "ext4",
                    "inode_available": 58002501,
                    "inode_total": 61030400,
                    "inode_used": 3027899,
                    "mount": "/etc/resolv.conf",
                    "options": "rw,relatime,bind",
                    "percent_used": 71.3,
                    "size_available": 281738129408,
                    "size_total": 983038173184,
                    "total_gb": 915.53,
                    "used_gb": 653.14,
                    "uuid": "N/A"
                },
                {
                    "available_gb": 262.39,
                    "block_available": 68783723,
                    "block_size": 4096,
                    "block_total": 239999554,
                    "block_used": 171215831,
                    "device": "/dev/nvme0n1p2",
                    "fstype": "ext4",
                    "inode_available": 58002501,
                    "inode_total": 61030400,
                    "inode_used": 3027899,
                    "mount": "/etc/resolv.conf",
                    "options": "rw,relatime,bind",
                    "percent_used": 71.3,
                    "size_available": 281738129408,
                    "size_total": 983038173184,
                    "total_gb": 915.53,
                    "used_gb": 653.14,
                    "uuid": "N/A"
                },
                {
                    "available_gb": 262.39,
                    "block_available": 68783723,
                    "block_size": 4096,
                    "block_total": 239999554,
                    "block_used": 171215831,
                    "device": "/dev/nvme0n1p2",
                    "fstype": "ext4",
                    "inode_available": 58002501,
                    "inode_total": 61030400,
                    "inode_used": 3027899,
                    "mount": "/etc/resolv.conf",
                    "options": "rw,relatime,bind",
                    "percent_used": 71.3,
                    "size_available": 281738129408,
                    "size_total": 983038173184,
                    "total_gb": 915.53,
                    "used_gb": 653.14,
                    "uuid": "N/A"
                },
                {
                    "available_gb": 262.39,
                    "block_available": 68783723,
                    "block_size": 4096,
                    "block_total": 239999554,
                    "block_used": 171215831,
                    "device": "/dev/nvme0n1p2",
                    "fstype": "ext4",
                    "inode_available": 58002501,
                    "inode_total": 61030400,
                    "inode_used": 3027899,
                    "mount": "/etc/resolv.conf",
                    "options": "rw,relatime,bind",
                    "percent_used": 71.3,
                    "size_available": 281738129408,
                    "size_total": 983038173184,
                    "total_gb": 915.53,
                    "used_gb": 653.14,
                    "uuid": "N/A"
                },
                {
                    "available_gb": 262.39,
                    "block_available": 68783723,
                    "block_size": 4096,
                    "block_total": 239999554,
                    "block_used": 171215831,
                    "device": "/dev/nvme0n1p2",
                    "fstype": "ext4",
                    "inode_available": 58002501,
                    "inode_total": 61030400,
                    "inode_used": 3027899,
                    "mount": "/etc/resolv.conf",
                    "options": "rw,relatime,bind",
                    "percent_used": 71.3,
                    "size_available": 281738129408,
                    "size_total": 983038173184,
                    "total_gb": 915.53,
                    "used_gb": 653.14,
                    "uuid": "N/A"
                },
                {
                    "available_gb": 262.39,
                    "block_available": 68783723,
                    "block_size": 4096,
                    "block_total": 239999554,
                    "block_used": 171215831,
                    "device": "/dev/nvme0n1p2",
                    "fstype": "ext4",
                    "inode_available": 58002501,
                    "inode_total": 61030400,
                    "inode_used": 3027899,
                    "mount": "/etc/resolv.conf",
                    "options": "rw,relatime,bind",
                    "percent_used": 71.3,
                    "size_available": 281738129408,
                    "size_total": 983038173184,
                    "total_gb": 915.53,
                    "used_gb": 653.14,
                    "uuid": "N/A"
                }
            ],
            [
                {
                    "available_gb": 262.39,
                    "block_available": 68783723,
                    "block_size": 4096,
                    "block_total": 239999554,
                    "block_used": 171215831,
                    "device": "/dev/nvme0n1p2",
                    "fstype": "ext4",
                    "inode_available": 58002501,
                    "inode_total": 61030400,
                    "inode_used": 3027899,
                    "mount": "/etc/hostname",
                    "options": "ro,relatime,bind",
                    "percent_used": 71.3,
                    "size_available": 281738129408,
                    "size_total": 983038173184,
                    "total_gb": 915.53,
                    "used_gb": 653.14,
                    "uuid": "N/A"
                },
                {
                    "available_gb": 262.39,
                    "block_available": 68783723,
                    "block_size": 4096,
                    "block_total": 239999554,
                    "block_used": 171215831,
                    "device": "/dev/nvme0n1p2",
                    "fstype": "ext4",
                    "inode_available": 58002501,
                    "inode_total": 61030400,
                    "inode_used": 3027899,
                    "mount": "/etc/hostname",
                    "options": "rw,relatime,bind",
                    "percent_used": 71.3,
                    "size_available": 281738129408,
                    "size_total": 983038173184,
                    "total_gb": 915.53,
                    "used_gb": 653.14,
                    "uuid": "N/A"
                },
                {
                    "available_gb": 262.39,
                    "block_available": 68783723,
                    "block_size": 4096,
                    "block_total": 239999554,
                    "block_used": 171215831,
                    "device": "/dev/nvme0n1p2",
                    "fstype": "ext4",
                    "inode_available": 58002501,
                    "inode_total": 61030400,
                    "inode_used": 3027899,
                    "mount": "/etc/hostname",
                    "options": "rw,relatime,bind",
                    "percent_used": 71.3,
                    "size_available": 281738129408,
                    "size_total": 983038173184,
                    "total_gb": 915.53,
                    "used_gb": 653.14,
                    "uuid": "N/A"
                },
                {
                    "available_gb": 262.39,
                    "block_available": 68783723,
                    "block_size": 4096,
                    "block_total": 239999554,
                    "block_used": 171215831,
                    "device": "/dev/nvme0n1p2",
                    "fstype": "ext4",
                    "inode_available": 58002501,
                    "inode_total": 61030400,
                    "inode_used": 3027899,
                    "mount": "/etc/hostname",
                    "options": "rw,relatime,bind",
                    "percent_used": 71.3,
                    "size_available": 281738129408,
                    "size_total": 983038173184,
                    "total_gb": 915.53,
                    "used_gb": 653.14,
                    "uuid": "N/A"
                },
                {
                    "available_gb": 262.39,
                    "block_available": 68783723,
                    "block_size": 4096,
                    "block_total": 239999554,
                    "block_used": 171215831,
                    "device": "/dev/nvme0n1p2",
                    "fstype": "ext4",
                    "inode_available": 58002501,
                    "inode_total": 61030400,
                    "inode_used": 3027899,
                    "mount": "/etc/hostname",
                    "options": "rw,relatime,bind",
                    "percent_used": 71.3,
                    "size_available": 281738129408,
                    "size_total": 983038173184,
                    "total_gb": 915.53,
                    "used_gb": 653.14,
                    "uuid": "N/A"
                },
                {
                    "available_gb": 262.39,
                    "block_available": 68783723,
                    "block_size": 4096,
                    "block_total": 239999554,
                    "block_used": 171215831,
                    "device": "/dev/nvme0n1p2",
                    "fstype": "ext4",
                    "inode_available": 58002501,
                    "inode_total": 61030400,
                    "inode_used": 3027899,
                    "mount": "/etc/hostname",
                    "options": "rw,relatime,bind",
                    "percent_used": 71.3,
                    "size_available": 281738129408,
                    "size_total": 983038173184,
                    "total_gb": 915.53,
                    "used_gb": 653.14,
                    "uuid": "N/A"
                },
                {
                    "available_gb": 262.39,
                    "block_available": 68783723,
                    "block_size": 4096,
                    "block_total": 239999554,
                    "block_used": 171215831,
                    "device": "/dev/nvme0n1p2",
                    "fstype": "ext4",
                    "inode_available": 58002501,
                    "inode_total": 61030400,
                    "inode_used": 3027899,
                    "mount": "/etc/hostname",
                    "options": "rw,relatime,bind",
                    "percent_used": 71.3,
                    "size_available": 281738129408,
                    "size_total": 983038173184,
                    "total_gb": 915.53,
                    "used_gb": 653.14,
                    "uuid": "N/A"
                },
                {
                    "available_gb": 262.39,
                    "block_available": 68783723,
                    "block_size": 4096,
                    "block_total": 239999554,
                    "block_used": 171215831,
                    "device": "/dev/nvme0n1p2",
                    "fstype": "ext4",
                    "inode_available": 58002501,
                    "inode_total": 61030400,
                    "inode_used": 3027899,
                    "mount": "/etc/hostname",
                    "options": "rw,relatime,bind",
                    "percent_used": 71.3,
                    "size_available": 281738129408,
                    "size_total": 983038173184,
                    "total_gb": 915.53,
                    "used_gb": 653.14,
                    "uuid": "N/A"
                }
            ],
            [
                {
                    "available_gb": 262.39,
                    "block_available": 68783723,
                    "block_size": 4096,
                    "block_total": 239999554,
                    "block_used": 171215831,
                    "device": "/dev/nvme0n1p2",
                    "fstype": "ext4",
                    "inode_available": 58002501,
                    "inode_total": 61030400,
                    "inode_used": 3027899,
                    "mount": "/etc/hosts",
                    "options": "ro,relatime,bind",
                    "percent_used": 71.3,
                    "size_available": 281738129408,
                    "size_total": 983038173184,
                    "total_gb": 915.53,
                    "used_gb": 653.14,
                    "uuid": "N/A"
                },
                {
                    "available_gb": 262.39,
                    "block_available": 68783723,
                    "block_size": 4096,
                    "block_total": 239999554,
                    "block_used": 171215831,
                    "device": "/dev/nvme0n1p2",
                    "fstype": "ext4",
                    "inode_available": 58002501,
                    "inode_total": 61030400,
                    "inode_used": 3027899,
                    "mount": "/etc/hosts",
                    "options": "rw,relatime,bind",
                    "percent_used": 71.3,
                    "size_available": 281738129408,
                    "size_total": 983038173184,
                    "total_gb": 915.53,
                    "used_gb": 653.14,
                    "uuid": "N/A"
                },
                {
                    "available_gb": 262.39,
                    "block_available": 68783723,
                    "block_size": 4096,
                    "block_total": 239999554,
                    "block_used": 171215831,
                    "device": "/dev/nvme0n1p2",
                    "fstype": "ext4",
                    "inode_available": 58002501,
                    "inode_total": 61030400,
                    "inode_used": 3027899,
                    "mount": "/etc/hosts",
                    "options": "rw,relatime,bind",
                    "percent_used": 71.3,
                    "size_available": 281738129408,
                    "size_total": 983038173184,
                    "total_gb": 915.53,
                    "used_gb": 653.14,
                    "uuid": "N/A"
                },
                {
                    "available_gb": 262.39,
                    "block_available": 68783723,
                    "block_size": 4096,
                    "block_total": 239999554,
                    "block_used": 171215831,
                    "device": "/dev/nvme0n1p2",
                    "fstype": "ext4",
                    "inode_available": 58002501,
                    "inode_total": 61030400,
                    "inode_used": 3027899,
                    "mount": "/etc/hosts",
                    "options": "rw,relatime,bind",
                    "percent_used": 71.3,
                    "size_available": 281738129408,
                    "size_total": 983038173184,
                    "total_gb": 915.53,
                    "used_gb": 653.14,
                    "uuid": "N/A"
                },
                {
                    "available_gb": 262.39,
                    "block_available": 68783723,
                    "block_size": 4096,
                    "block_total": 239999554,
                    "block_used": 171215831,
                    "device": "/dev/nvme0n1p2",
                    "fstype": "ext4",
                    "inode_available": 58002501,
                    "inode_total": 61030400,
                    "inode_used": 3027899,
                    "mount": "/etc/hosts",
                    "options": "rw,relatime,bind",
                    "percent_used": 71.3,
                    "size_available": 281738129408,
                    "size_total": 983038173184,
                    "total_gb": 915.53,
                    "used_gb": 653.14,
                    "uuid": "N/A"
                },
                {
                    "available_gb": 262.39,
                    "block_available": 68783723,
                    "block_size": 4096,
                    "block_total": 239999554,
                    "block_used": 171215831,
                    "device": "/dev/nvme0n1p2",
                    "fstype": "ext4",
                    "inode_available": 58002501,
                    "inode_total": 61030400,
                    "inode_used": 3027899,
                    "mount": "/etc/hosts",
                    "options": "rw,relatime,bind",
                    "percent_used": 71.3,
                    "size_available": 281738129408,
                    "size_total": 983038173184,
                    "total_gb": 915.53,
                    "used_gb": 653.14,
                    "uuid": "N/A"
                },
                {
                    "available_gb": 262.39,
                    "block_available": 68783723,
                    "block_size": 4096,
                    "block_total": 239999554,
                    "block_used": 171215831,
                    "device": "/dev/nvme0n1p2",
                    "fstype": "ext4",
                    "inode_available": 58002501,
                    "inode_total": 61030400,
                    "inode_used": 3027899,
                    "mount": "/etc/hosts",
                    "options": "rw,relatime,bind",
                    "percent_used": 71.3,
                    "size_available": 281738129408,
                    "size_total": 983038173184,
                    "total_gb": 915.53,
                    "used_gb": 653.14,
                    "uuid": "N/A"
                },
                {
                    "available_gb": 262.39,
                    "block_available": 68783723,
                    "block_size": 4096,
                    "block_total": 239999554,
                    "block_used": 171215831,
                    "device": "/dev/nvme0n1p2",
                    "fstype": "ext4",
                    "inode_available": 58002501,
                    "inode_total": 61030400,
                    "inode_used": 3027899,
                    "mount": "/etc/hosts",
                    "options": "rw,relatime,bind",
                    "percent_used": 71.3,
                    "size_available": 281738129408,
                    "size_total": 983038173184,
                    "total_gb": 915.53,
                    "used_gb": 653.14,
                    "uuid": "N/A"
                }
            ]
        ],
        "fqdn": "7e5a9fc7e1c4",
        "hostname": "7e5a9fc7e1c4",
        "load_average": {
            "15min": "3.06",
            "1min": "2.74",
            "5min": "2.85"
        },
        "memory": {
            "cached_mb": "0",
            "free_mb": 969,
            "percent_used": "97.0",
            "total_mb": 31909,
            "used_mb": "30940"
        },
        "recent_errors": {
            "count": "1",
            "log_sample": [
                "Unable to read system logs"
            ]
        },
        "swap": {
            "free_mb": 511,
            "percent_used": "0.0",
            "total_mb": 511,
            "used_mb": "0"
        },
        "timestamp": "2025-12-08T23:51:32Z",
        "uptime": {
            "days": "0",
            "hours": "23",
            "minutes": "53",
            "total_seconds": 86038
        }
    }

PLAY RECAP *********************************************************************
localhost                  : ok=13   changed=0    unreachable=0    failed=0    skipped=0    rescued=0    ignored=0   

